<?xml version="1.0" encoding="UTF-8" ?>
<testsuites errors="0"
            failures="1"
            tests="1">

  <testsuite name="test"
    errors="0" failures="1" hostname="" id="" package="test" skipped="0"
    tests="1" time="69.68" timestamp="">
  
    <testcase name="Pawlytics_pets_world" classname="test" time="69.68" assertions="43">

    

    

    

    

    

    

    

    

    

    

    

    

    

    

    

    

    

    

    

    

    

    

    

    

    

    

    

    

    

    

    

    

    

    

    

    

    

    

    

    

    

      <failure message="Timed out while waiting for element &lt;body&gt; to be present for 3000 milliseconds. - expected [0;32m&#34;visible&#34;[0m but got: [0;31m&#34;not found&#34;[0m">    at Page.addpeople (C:\Users\vikas.m\Desktop\Pawlytics_Website_Pets\pages\addpeople.js:5:25)
    at Object.Pawlytics_pets_world (C:\Users\vikas.m\Desktop\Pawlytics_Website_Pets\tests\test.js:15:23)</failure>

    <failure message="    at Page.addpeople (C:\Users\vikas.m\Desktop\Pawlytics_Website_Pets\pages\addpeople.js:5:25)">    at Object.Pawlytics_pets_world (C:\Users\vikas.m\Desktop\Pawlytics_Website_Pets\tests\test.js:15:23)</failure>
    </testcase>
  

  

  
  </testsuite>
</testsuites>
